2025-12-20 22:05:52,903 - INFO - Application started
2025-12-20 22:09:25,096 - INFO - Application started
2025-12-20 22:09:52,892 - INFO - Selected: C:/Users/User/Desktop/test1.txt
2025-12-20 22:09:59,379 - INFO - Shift preview saved
2025-12-20 22:10:15,412 - INFO - Encryption completed
2025-12-20 22:11:27,112 - INFO - Decryption completed
2025-12-20 22:11:59,265 - INFO - Selected: C:/Users/User/Downloads/Phum_Pidun_Cybersecurity_Seminar_Report.pdf
2025-12-20 22:12:03,158 - INFO - Shift preview saved
2025-12-20 22:12:07,436 - INFO - Encryption completed
2025-12-20 22:12:41,331 - INFO - Decryption completed
2025-12-20 22:20:14,006 - INFO - Application started
2025-12-20 22:20:52,990 - INFO - Selected: C:/Users/User/Downloads/Telegram Desktop/Chacha20.pdf
2025-12-20 22:20:57,355 - INFO - Shift preview saved
2025-12-20 22:21:02,151 - INFO - Encryption completed: c:\Users\User\Desktop\Project Cryto\encrypted\Chacha20.pdf.encrypted
2025-12-20 22:21:47,647 - INFO - Application started
2025-12-20 22:22:23,061 - INFO - Decryption completed: c:\Users\User\Desktop\Project Cryto\encrypted\Chacha20.pdf
2025-12-20 22:29:12,651 - INFO - Application started
2025-12-20 22:29:30,884 - INFO - Selected: C:/Users/User/Desktop/PHOTO/96.jpg
2025-12-20 22:29:36,161 - INFO - Shift preview saved
2025-12-20 22:29:37,886 - INFO - Encryption completed: c:\Users\User\Desktop\Project Cryto\encrypted\96.jpg.encrypted
2025-12-20 22:30:12,743 - INFO - Decryption completed: c:\Users\User\Desktop\Project Cryto\encrypted\96.jpg
2025-12-20 22:31:08,918 - INFO - Application started
2025-12-20 22:31:48,668 - INFO - Selected: C:/Users/User/Downloads/Telegram Desktop/Control_8_Audit_Log_Management_Detailed.pdf
2025-12-20 22:31:55,130 - INFO - Shift preview saved
2025-12-20 22:31:56,835 - INFO - Encryption completed: c:\Users\User\Desktop\Project Cryto\encrypted\Control_8_Audit_Log_Management_Detailed.pdf.encrypted
2025-12-20 22:32:29,673 - INFO - Decryption completed: c:\Users\User\Desktop\Project Cryto\encrypted\Control_8_Audit_Log_Management_Detailed.pdf
2025-12-20 22:34:14,259 - INFO - Decryption completed: c:\Users\User\Desktop\Project Cryto\encrypted\Control_8_Audit_Log_Management_Detailed.pdf
2025-12-20 22:35:06,001 - INFO - Decryption completed: c:\Users\User\Desktop\Project Cryto\encrypted\Control_8_Audit_Log_Management_Detailed.pdf
